[2025-12-02 21:29:14] [ERROR] [AEra]    ❌ Failed to scan users for initial sync: no such column: blockchain_score
None
[2025-12-02 21:29:14] [ERROR] [nft_confirmation] ❌ Error in check_pending_nft_mints: no such column: identity_status
None
[2025-12-02 21:29:16] [ERROR] [AEra]    ❌ Failed to scan users for initial sync: no such column: blockchain_score
None
[2025-12-02 21:29:16] [ERROR] [nft_confirmation] ❌ Error in check_pending_nft_mints: no such column: identity_status
None
[2025-12-02 21:29:46] [ERROR] [nft_confirmation] ❌ Error in check_pending_nft_mints: no such column: identity_status
None
[2025-12-02 21:30:16] [ERROR] [nft_confirmation] ❌ Error in check_pending_nft_mints: no such column: identity_status
None
[2025-12-02 21:30:46] [ERROR] [nft_confirmation] ❌ Error in check_pending_nft_mints: no such column: identity_status
None
[2025-12-02 21:31:16] [ERROR] [nft_confirmation] ❌ Error in check_pending_nft_mints: no such column: identity_status
None
[2025-12-02 21:31:46] [ERROR] [nft_confirmation] ❌ Error in check_pending_nft_mints: no such column: identity_status
None
[2025-12-02 21:32:16] [ERROR] [nft_confirmation] ❌ Error in check_pending_nft_mints: no such column: identity_status
None
[2025-12-02 21:32:46] [ERROR] [nft_confirmation] ❌ Error in check_pending_nft_mints: no such column: identity_status
None
[2025-12-02 21:33:16] [ERROR] [nft_confirmation] ❌ Error in check_pending_nft_mints: no such column: identity_status
None
[2025-12-02 21:33:46] [ERROR] [nft_confirmation] ❌ Error in check_pending_nft_mints: no such column: identity_status
None
[2025-12-02 21:34:16] [ERROR] [nft_confirmation] ❌ Error in check_pending_nft_mints: no such column: identity_status
None
[2025-12-02 21:34:46] [ERROR] [nft_confirmation] ❌ Error in check_pending_nft_mints: no such column: identity_status
None
[2025-12-02 21:35:16] [ERROR] [nft_confirmation] ❌ Error in check_pending_nft_mints: no such column: identity_status
None
[2025-12-02 21:35:46] [ERROR] [nft_confirmation] ❌ Error in check_pending_nft_mints: no such column: identity_status
None
[2025-12-02 21:36:16] [ERROR] [nft_confirmation] ❌ Error in check_pending_nft_mints: no such column: identity_status
None
[2025-12-02 21:36:46] [ERROR] [nft_confirmation] ❌ Error in check_pending_nft_mints: no such column: identity_status
None
[2025-12-02 21:37:16] [ERROR] [nft_confirmation] ❌ Error in check_pending_nft_mints: no such column: identity_status
None
[2025-12-02 21:37:46] [ERROR] [nft_confirmation] ❌ Error in check_pending_nft_mints: no such column: identity_status
None
[2025-12-02 21:38:16] [ERROR] [nft_confirmation] ❌ Error in check_pending_nft_mints: no such column: identity_status
None
[2025-12-02 21:38:46] [ERROR] [nft_confirmation] ❌ Error in check_pending_nft_mints: no such column: identity_status
None
[2025-12-02 21:39:16] [ERROR] [nft_confirmation] ❌ Error in check_pending_nft_mints: no such column: identity_status
None
[2025-12-02 21:39:46] [ERROR] [nft_confirmation] ❌ Error in check_pending_nft_mints: no such column: identity_status
None
[2025-12-02 21:40:16] [ERROR] [nft_confirmation] ❌ Error in check_pending_nft_mints: no such column: identity_status
None
[2025-12-02 21:40:46] [ERROR] [nft_confirmation] ❌ Error in check_pending_nft_mints: no such column: identity_status
None
[2025-12-02 21:41:16] [ERROR] [nft_confirmation] ❌ Error in check_pending_nft_mints: no such column: identity_status
None
[2025-12-02 21:41:46] [ERROR] [nft_confirmation] ❌ Error in check_pending_nft_mints: no such column: identity_status
None
[2025-12-02 21:42:16] [ERROR] [nft_confirmation] ❌ Error in check_pending_nft_mints: no such column: identity_status
None
[2025-12-02 21:42:46] [ERROR] [nft_confirmation] ❌ Error in check_pending_nft_mints: no such column: identity_status
None
[2025-12-02 21:43:16] [ERROR] [nft_confirmation] ❌ Error in check_pending_nft_mints: no such column: identity_status
None
[2025-12-02 21:43:46] [ERROR] [nft_confirmation] ❌ Error in check_pending_nft_mints: no such column: identity_status
None
[2025-12-02 21:44:16] [ERROR] [nft_confirmation] ❌ Error in check_pending_nft_mints: no such column: identity_status
None
[2025-12-02 21:44:46] [ERROR] [nft_confirmation] ❌ Error in check_pending_nft_mints: no such column: identity_status
None
[2025-12-02 21:45:16] [ERROR] [nft_confirmation] ❌ Error in check_pending_nft_mints: no such column: identity_status
None
[2025-12-02 21:45:46] [ERROR] [nft_confirmation] ❌ Error in check_pending_nft_mints: no such column: identity_status
None
[2025-12-02 21:46:16] [ERROR] [nft_confirmation] ❌ Error in check_pending_nft_mints: no such column: identity_status
None
[2025-12-02 21:46:46] [ERROR] [nft_confirmation] ❌ Error in check_pending_nft_mints: no such column: identity_status
None
[2025-12-02 21:47:16] [ERROR] [nft_confirmation] ❌ Error in check_pending_nft_mints: no such column: identity_status
None
[2025-12-02 21:47:43] [ERROR] [AEra]    ❌ Failed to scan users for initial sync: no such column: blockchain_score
None
[2025-12-02 21:47:43] [ERROR] [nft_confirmation] ❌ Error in check_pending_nft_mints: no such column: identity_status
None
[2025-12-02 21:48:13] [ERROR] [nft_confirmation] ❌ Error in check_pending_nft_mints: no such column: identity_status
None
[2025-12-02 21:48:43] [ERROR] [nft_confirmation] ❌ Error in check_pending_nft_mints: no such column: identity_status
None
[2025-12-02 21:49:13] [ERROR] [nft_confirmation] ❌ Error in check_pending_nft_mints: no such column: identity_status
None
[2025-12-02 21:49:43] [ERROR] [nft_confirmation] ❌ Error in check_pending_nft_mints: no such column: identity_status
None
[2025-12-02 21:50:13] [ERROR] [nft_confirmation] ❌ Error in check_pending_nft_mints: no such column: identity_status
None
[2025-12-02 21:50:43] [ERROR] [nft_confirmation] ❌ Error in check_pending_nft_mints: no such column: identity_status
None
[2025-12-02 21:51:13] [ERROR] [nft_confirmation] ❌ Error in check_pending_nft_mints: no such column: identity_status
None
[2025-12-02 21:51:43] [ERROR] [nft_confirmation] ❌ Error in check_pending_nft_mints: no such column: identity_status
None
[2025-12-02 21:52:13] [ERROR] [nft_confirmation] ❌ Error in check_pending_nft_mints: no such column: identity_status
None
[2025-12-02 21:52:43] [ERROR] [nft_confirmation] ❌ Error in check_pending_nft_mints: no such column: identity_status
None
[2025-12-02 21:53:13] [ERROR] [nft_confirmation] ❌ Error in check_pending_nft_mints: no such column: identity_status
None
[2025-12-02 21:53:43] [ERROR] [nft_confirmation] ❌ Error in check_pending_nft_mints: no such column: identity_status
None
[2025-12-02 21:54:13] [ERROR] [nft_confirmation] ❌ Error in check_pending_nft_mints: no such column: identity_status
None
[2025-12-02 21:54:43] [ERROR] [nft_confirmation] ❌ Error in check_pending_nft_mints: no such column: identity_status
None
[2025-12-02 21:55:13] [ERROR] [nft_confirmation] ❌ Error in check_pending_nft_mints: no such column: identity_status
None
[2025-12-02 21:55:43] [ERROR] [nft_confirmation] ❌ Error in check_pending_nft_mints: no such column: identity_status
None
[2025-12-02 21:56:13] [ERROR] [nft_confirmation] ❌ Error in check_pending_nft_mints: no such column: identity_status
None
[2025-12-02 21:56:43] [ERROR] [nft_confirmation] ❌ Error in check_pending_nft_mints: no such column: identity_status
None
[2025-12-02 21:57:13] [ERROR] [nft_confirmation] ❌ Error in check_pending_nft_mints: no such column: identity_status
None
[2025-12-02 21:57:43] [ERROR] [nft_confirmation] ❌ Error in check_pending_nft_mints: no such column: identity_status
None
[2025-12-02 21:58:13] [ERROR] [nft_confirmation] ❌ Error in check_pending_nft_mints: no such column: identity_status
None
[2025-12-02 21:58:43] [ERROR] [nft_confirmation] ❌ Error in check_pending_nft_mints: no such column: identity_status
None
[2025-12-02 21:59:13] [ERROR] [nft_confirmation] ❌ Error in check_pending_nft_mints: no such column: identity_status
None
[2025-12-02 21:59:43] [ERROR] [nft_confirmation] ❌ Error in check_pending_nft_mints: no such column: identity_status
None
[2025-12-02 22:00:13] [ERROR] [nft_confirmation] ❌ Error in check_pending_nft_mints: no such column: identity_status
None
[2025-12-02 22:00:43] [ERROR] [nft_confirmation] ❌ Error in check_pending_nft_mints: no such column: identity_status
None
[2025-12-02 22:01:13] [ERROR] [nft_confirmation] ❌ Error in check_pending_nft_mints: no such column: identity_status
None
[2025-12-02 22:01:43] [ERROR] [nft_confirmation] ❌ Error in check_pending_nft_mints: no such column: identity_status
None
[2025-12-02 22:02:13] [ERROR] [nft_confirmation] ❌ Error in check_pending_nft_mints: no such column: identity_status
None
[2025-12-02 22:02:43] [ERROR] [nft_confirmation] ❌ Error in check_pending_nft_mints: no such column: identity_status
None
[2025-12-02 22:03:13] [ERROR] [nft_confirmation] ❌ Error in check_pending_nft_mints: no such column: identity_status
None
[2025-12-02 22:03:43] [ERROR] [nft_confirmation] ❌ Error in check_pending_nft_mints: no such column: identity_status
None
[2025-12-02 22:04:13] [ERROR] [nft_confirmation] ❌ Error in check_pending_nft_mints: no such column: identity_status
None
[2025-12-02 22:04:43] [ERROR] [nft_confirmation] ❌ Error in check_pending_nft_mints: no such column: identity_status
None
[2025-12-02 22:05:13] [ERROR] [nft_confirmation] ❌ Error in check_pending_nft_mints: no such column: identity_status
None
[2025-12-02 22:05:43] [ERROR] [nft_confirmation] ❌ Error in check_pending_nft_mints: no such column: identity_status
None
[2025-12-02 22:06:13] [ERROR] [nft_confirmation] ❌ Error in check_pending_nft_mints: no such column: identity_status
None
[2025-12-02 22:06:43] [ERROR] [nft_confirmation] ❌ Error in check_pending_nft_mints: no such column: identity_status
None
[2025-12-02 22:07:07] [ERROR] [blockchain_sync] ❌ Error syncing score for 0x9de3772a1b2e958561d8371ee34364dcd90967ba: No module named 'resonance_calculator'
None
[2025-12-02 22:07:13] [ERROR] [nft_confirmation] ❌ Error in check_pending_nft_mints: no such column: identity_status
None
[2025-12-02 22:07:43] [ERROR] [nft_confirmation] ❌ Error in check_pending_nft_mints: no such column: identity_status
None
[2025-12-02 22:08:13] [ERROR] [nft_confirmation] ❌ Error in check_pending_nft_mints: no such column: identity_status
None
[2025-12-02 22:08:36] [ERROR] [AEra] [API] Blockchain identity error: no such column: identity_nft_token_id
None
[2025-12-02 22:08:36] [ERROR] [AEra] [API] Blockchain score error: no such column: blockchain_score
None
[2025-12-02 22:08:36] [ERROR] [AEra] [API] Blockchain stats error: no such column: identity_status
None
[2025-12-02 22:08:43] [ERROR] [nft_confirmation] ❌ Error in check_pending_nft_mints: no such column: identity_status
None
[2025-12-02 22:09:13] [ERROR] [nft_confirmation] ❌ Error in check_pending_nft_mints: no such column: identity_status
None
[2025-12-02 22:09:43] [ERROR] [nft_confirmation] ❌ Error in check_pending_nft_mints: no such column: identity_status
None
[2025-12-02 22:10:13] [ERROR] [nft_confirmation] ❌ Error in check_pending_nft_mints: no such column: identity_status
None
[2025-12-02 22:10:43] [ERROR] [nft_confirmation] ❌ Error in check_pending_nft_mints: no such column: identity_status
None
[2025-12-02 22:11:13] [ERROR] [nft_confirmation] ❌ Error in check_pending_nft_mints: no such column: identity_status
None
[2025-12-02 22:11:28] [ERROR] [AEra]    ❌ Failed to scan users for initial sync: no such column: blockchain_score
None
[2025-12-02 22:11:28] [ERROR] [nft_confirmation] ❌ Error in check_pending_nft_mints: no such column: identity_status
None
[2025-12-02 22:11:58] [ERROR] [nft_confirmation] ❌ Error in check_pending_nft_mints: no such column: identity_status
None
[2025-12-02 22:12:28] [ERROR] [nft_confirmation] ❌ Error in check_pending_nft_mints: no such column: identity_status
None
[2025-12-02 22:12:58] [ERROR] [nft_confirmation] ❌ Error in check_pending_nft_mints: no such column: identity_status
None
[2025-12-02 22:13:28] [ERROR] [nft_confirmation] ❌ Error in check_pending_nft_mints: no such column: identity_status
None
[2025-12-02 22:13:58] [ERROR] [nft_confirmation] ❌ Error in check_pending_nft_mints: no such column: identity_status
None
[2025-12-02 22:14:09] [ERROR] [blockchain_sync] ❌ Error syncing score for 0x313ceb1054d86de55845c481986073a90fda9c89: No module named 'resonance_calculator'
None
[2025-12-02 22:14:28] [ERROR] [nft_confirmation] ❌ Error in check_pending_nft_mints: no such column: identity_status
None
[2025-12-02 22:14:58] [ERROR] [nft_confirmation] ❌ Error in check_pending_nft_mints: no such column: identity_status
None
[2025-12-02 22:15:06] [ERROR] [AEra] [API] Blockchain identity error: no such column: identity_nft_token_id
None
[2025-12-02 22:15:06] [ERROR] [AEra] [API] Blockchain score error: no such column: blockchain_score
None
[2025-12-02 22:15:07] [ERROR] [AEra] [API] Blockchain stats error: no such column: identity_status
None
[2025-12-02 22:15:28] [ERROR] [nft_confirmation] ❌ Error in check_pending_nft_mints: no such column: identity_status
None
[2025-12-02 22:15:58] [ERROR] [nft_confirmation] ❌ Error in check_pending_nft_mints: no such column: identity_status
None
[2025-12-02 22:16:28] [ERROR] [nft_confirmation] ❌ Error in check_pending_nft_mints: no such column: identity_status
None
[2025-12-02 22:16:58] [ERROR] [nft_confirmation] ❌ Error in check_pending_nft_mints: no such column: identity_status
None
[2025-12-02 22:17:28] [ERROR] [nft_confirmation] ❌ Error in check_pending_nft_mints: no such column: identity_status
None
[2025-12-02 22:17:58] [ERROR] [nft_confirmation] ❌ Error in check_pending_nft_mints: no such column: identity_status
None
[2025-12-02 22:18:12] [ERROR] [AEra] [AUTH] Verification error: no such column: pending_bonus
None
[2025-12-02 22:18:25] [ERROR] [AEra] [AUTH] Verification error: no such column: pending_bonus
None
[2025-12-02 22:18:28] [ERROR] [nft_confirmation] ❌ Error in check_pending_nft_mints: no such column: identity_status
None
[2025-12-02 22:18:58] [ERROR] [nft_confirmation] ❌ Error in check_pending_nft_mints: no such column: identity_status
None
[2025-12-02 22:19:28] [ERROR] [nft_confirmation] ❌ Error in check_pending_nft_mints: no such column: identity_status
None
[2025-12-02 22:19:58] [ERROR] [nft_confirmation] ❌ Error in check_pending_nft_mints: no such column: identity_status
None
[2025-12-02 22:20:28] [ERROR] [nft_confirmation] ❌ Error in check_pending_nft_mints: no such column: identity_status
None
[2025-12-02 22:20:58] [ERROR] [nft_confirmation] ❌ Error in check_pending_nft_mints: no such column: identity_status
None
[2025-12-02 22:21:28] [ERROR] [nft_confirmation] ❌ Error in check_pending_nft_mints: no such column: identity_status
None
[2025-12-02 22:21:58] [ERROR] [nft_confirmation] ❌ Error in check_pending_nft_mints: no such column: identity_status
None
[2025-12-02 22:22:28] [ERROR] [nft_confirmation] ❌ Error in check_pending_nft_mints: no such column: identity_status
None
[2025-12-02 22:22:58] [ERROR] [nft_confirmation] ❌ Error in check_pending_nft_mints: no such column: identity_status
None
[2025-12-02 22:23:28] [ERROR] [nft_confirmation] ❌ Error in check_pending_nft_mints: no such column: identity_status
None
[2025-12-02 22:23:38] [ERROR] [blockchain_sync] ❌ Error syncing score for 0x9de3772a1b2e958561d8371ee34364dcd90967ba: No module named 'resonance_calculator'
None
[2025-12-02 22:23:58] [ERROR] [nft_confirmation] ❌ Error in check_pending_nft_mints: no such column: identity_status
None
[2025-12-02 22:24:05] [ERROR] [AEra] [API] Blockchain identity error: no such column: identity_nft_token_id
None
[2025-12-02 22:24:05] [ERROR] [AEra] [API] Blockchain score error: no such column: blockchain_score
None
[2025-12-02 22:24:05] [ERROR] [AEra] [API] Blockchain stats error: no such column: identity_status
None
[2025-12-02 22:24:28] [ERROR] [nft_confirmation] ❌ Error in check_pending_nft_mints: no such column: identity_status
None
[2025-12-02 22:24:58] [ERROR] [nft_confirmation] ❌ Error in check_pending_nft_mints: no such column: identity_status
None
[2025-12-02 22:25:28] [ERROR] [nft_confirmation] ❌ Error in check_pending_nft_mints: no such column: identity_status
None
[2025-12-02 22:25:58] [ERROR] [nft_confirmation] ❌ Error in check_pending_nft_mints: no such column: identity_token_id
None
[2025-12-02 22:26:28] [ERROR] [nft_confirmation] ❌ Error in check_pending_nft_mints: no such column: identity_token_id
None
[2025-12-02 22:26:58] [ERROR] [nft_confirmation] ❌ Error in check_pending_nft_mints: no such column: identity_token_id
None
[2025-12-02 22:27:28] [ERROR] [nft_confirmation] ❌ Error in check_pending_nft_mints: no such column: identity_token_id
None
[2025-12-02 22:27:58] [ERROR] [nft_confirmation] ❌ Error in check_pending_nft_mints: no such column: identity_token_id
None
[2025-12-02 22:28:28] [ERROR] [nft_confirmation] ❌ Error in check_pending_nft_mints: no such column: identity_token_id
None
[2025-12-02 22:28:58] [ERROR] [nft_confirmation] ❌ Error in check_pending_nft_mints: no such column: identity_token_id
None
[2025-12-02 22:29:09] [ERROR] [AEra]    ❌ Failed to scan users for initial sync: should_sync_score() missing 1 required positional argument: 'conn'
None
[2025-12-02 22:29:09] [ERROR] [nft_confirmation] ❌ Error in check_pending_nft_mints: no such column: identity_token_id
None
[2025-12-02 22:29:39] [ERROR] [nft_confirmation] ❌ Error in check_pending_nft_mints: no such column: identity_token_id
None
[2025-12-02 22:29:45] [ERROR] [AEra]    ❌ Failed to scan users for initial sync: should_sync_score() missing 1 required positional argument: 'conn'
None
[2025-12-02 22:29:45] [ERROR] [nft_confirmation] ❌ Error in check_pending_nft_mints: no such column: identity_token_id
None
[2025-12-02 22:30:15] [ERROR] [nft_confirmation] ❌ Error in check_pending_nft_mints: no such column: identity_token_id
None
[2025-12-02 22:30:45] [ERROR] [nft_confirmation] ❌ Error in check_pending_nft_mints: no such column: identity_token_id
None
[2025-12-02 22:31:15] [ERROR] [nft_confirmation] ❌ Error in check_pending_nft_mints: no such column: identity_token_id
None
[2025-12-02 22:31:45] [ERROR] [nft_confirmation] ❌ Error in check_pending_nft_mints: no such column: identity_token_id
None
[2025-12-02 22:32:15] [ERROR] [nft_confirmation] ❌ Error in check_pending_nft_mints: no such column: identity_token_id
None
[2025-12-02 22:32:25] [ERROR] [AEra]    ❌ Failed to scan users for initial sync: should_sync_score() missing 1 required positional argument: 'conn'
None
[2025-12-02 22:33:57] [ERROR] [AEra] [AUTH] Verification error: database disk image is malformed
None
[2025-12-02 22:34:42] [ERROR] [blockchain_sync] ❌ Error syncing score for 0x313ceb1054d86de55845c481986073a90fda9c89: No module named 'resonance_calculator'
None
[2025-12-02 22:34:43] [ERROR] [web3_service] Error checking NFT balance for 0x313ceb1054d86de55845c481986073a90fda9c89: Could not transact with/call contract function, is contract deployed correctly and chain synced?
None
[2025-12-02 22:34:43] [ERROR] [web3_service] Error getting token ID for 0x313ceb1054d86de55845c481986073a90fda9c89: Could not transact with/call contract function, is contract deployed correctly and chain synced?
None
[2025-12-02 22:34:45] [ERROR] [web3_service] Error getting token ID from events for 0x313ceb1054d86de55845c481986073a90fda9c89: 400 Client Error: Bad Request for url: https://base-sepolia.g.alchemy.com/v2/u_oAA5oIIbGQ-0AdX3efg
None
[2025-12-02 22:35:18] [ERROR] [AEra] [ADMIN] Dashboard error: database disk image is malformed
None
[2025-12-02 22:35:50] [ERROR] [AEra] [ADMIN] Dashboard error: database disk image is malformed
None
[2025-12-02 22:36:48] [ERROR] [AEra] [AUTH] Verification error: database disk image is malformed
None
[2025-12-02 22:45:19] [ERROR] [AEra]    ❌ Failed to scan users for initial sync: should_sync_score() missing 1 required positional argument: 'conn'
None
[2025-12-02 22:50:28] [ERROR] [web3_service] Error getting token ID for 0x83a402628b767e2b91c1558ed6227c6564a7dbe5: ('execution reverted', 'no data')
None
[2025-12-02 22:50:30] [ERROR] [web3_service] Error getting token ID from events for 0x83a402628b767e2b91c1558ed6227c6564a7dbe5: 400 Client Error: Bad Request for url: https://base-sepolia.g.alchemy.com/v2/u_oAA5oIIbGQ-0AdX3efg
None
[2025-12-02 22:52:23] [ERROR] [web3_service] Error getting token ID for 0x2e5502e007aafdc76688f6813dbdd04cca1cc34e: ('execution reverted', 'no data')
None
[2025-12-02 22:52:25] [ERROR] [web3_service] Error getting token ID from events for 0x2e5502e007aafdc76688f6813dbdd04cca1cc34e: 400 Client Error: Bad Request for url: https://base-sepolia.g.alchemy.com/v2/u_oAA5oIIbGQ-0AdX3efg
None
[2025-12-02 22:52:32] [ERROR] [web3_service] Error getting token ID for 0x2e5502e007aafdc76688f6813dbdd04cca1cc34e: ('execution reverted', 'no data')
None
[2025-12-02 22:52:34] [ERROR] [web3_service] Error getting token ID from events for 0x2e5502e007aafdc76688f6813dbdd04cca1cc34e: 400 Client Error: Bad Request for url: https://base-sepolia.g.alchemy.com/v2/u_oAA5oIIbGQ-0AdX3efg
None
[2025-12-02 22:53:23] [ERROR] [web3_service] Error getting token ID for 0x83a402628b767e2b91c1558ed6227c6564a7dbe5: ('execution reverted', 'no data')
None
[2025-12-02 22:53:25] [ERROR] [web3_service] Error getting token ID from events for 0x83a402628b767e2b91c1558ed6227c6564a7dbe5: 400 Client Error: Bad Request for url: https://base-sepolia.g.alchemy.com/v2/u_oAA5oIIbGQ-0AdX3efg
None
[2025-12-02 22:54:00] [ERROR] [web3_service] Error getting token ID for 0x83a402628b767e2b91c1558ed6227c6564a7dbe5: ('execution reverted', 'no data')
None
[2025-12-02 22:54:02] [ERROR] [web3_service] Error getting token ID from events for 0x83a402628b767e2b91c1558ed6227c6564a7dbe5: 400 Client Error: Bad Request for url: https://base-sepolia.g.alchemy.com/v2/u_oAA5oIIbGQ-0AdX3efg
None
[2025-12-02 22:54:33] [ERROR] [web3_service] Error getting token ID for 0x2e5502e007aafdc76688f6813dbdd04cca1cc34e: ('execution reverted', 'no data')
None
[2025-12-02 22:54:35] [ERROR] [web3_service] Error getting token ID from events for 0x2e5502e007aafdc76688f6813dbdd04cca1cc34e: 400 Client Error: Bad Request for url: https://base-sepolia.g.alchemy.com/v2/u_oAA5oIIbGQ-0AdX3efg
None
[2025-12-02 22:54:41] [ERROR] [web3_service] Error getting token ID for 0x2e5502e007aafdc76688f6813dbdd04cca1cc34e: ('execution reverted', 'no data')
None
[2025-12-02 22:54:43] [ERROR] [web3_service] Error getting token ID from events for 0x2e5502e007aafdc76688f6813dbdd04cca1cc34e: 400 Client Error: Bad Request for url: https://base-sepolia.g.alchemy.com/v2/u_oAA5oIIbGQ-0AdX3efg
None
[2025-12-02 22:57:28] [ERROR] [web3_service] Error getting token ID for 0x83a402628b767e2b91c1558ed6227c6564a7dbe5: ('execution reverted', 'no data')
None
[2025-12-02 22:57:30] [ERROR] [web3_service] Error getting token ID from events for 0x83a402628b767e2b91c1558ed6227c6564a7dbe5: 400 Client Error: Bad Request for url: https://base-sepolia.g.alchemy.com/v2/u_oAA5oIIbGQ-0AdX3efg
None
[2025-12-02 22:57:41] [ERROR] [web3_service] Error getting token ID for 0x83a402628b767e2b91c1558ed6227c6564a7dbe5: ('execution reverted', 'no data')
None
[2025-12-02 22:57:43] [ERROR] [web3_service] Error getting token ID from events for 0x83a402628b767e2b91c1558ed6227c6564a7dbe5: 400 Client Error: Bad Request for url: https://base-sepolia.g.alchemy.com/v2/u_oAA5oIIbGQ-0AdX3efg
None
[2025-12-02 22:59:16] [ERROR] [web3_service] Error getting token ID for 0x83a402628b767e2b91c1558ed6227c6564a7dbe5: ('execution reverted', 'no data')
None
[2025-12-02 22:59:18] [ERROR] [web3_service] Error getting token ID from events for 0x83a402628b767e2b91c1558ed6227c6564a7dbe5: 400 Client Error: Bad Request for url: https://base-sepolia.g.alchemy.com/v2/u_oAA5oIIbGQ-0AdX3efg
None
[2025-12-02 22:59:27] [ERROR] [web3_service] Error getting token ID for 0x83a402628b767e2b91c1558ed6227c6564a7dbe5: ('execution reverted', 'no data')
None
[2025-12-02 22:59:29] [ERROR] [web3_service] Error getting token ID from events for 0x83a402628b767e2b91c1558ed6227c6564a7dbe5: 400 Client Error: Bad Request for url: https://base-sepolia.g.alchemy.com/v2/u_oAA5oIIbGQ-0AdX3efg
None
[2025-12-02 22:59:41] [ERROR] [web3_service] Error getting token ID for 0x83a402628b767e2b91c1558ed6227c6564a7dbe5: ('execution reverted', 'no data')
None
[2025-12-02 22:59:42] [ERROR] [web3_service] Error getting token ID from events for 0x83a402628b767e2b91c1558ed6227c6564a7dbe5: 400 Client Error: Bad Request for url: https://base-sepolia.g.alchemy.com/v2/u_oAA5oIIbGQ-0AdX3efg
None
[2025-12-02 22:59:43] [ERROR] [web3_service] Error getting token ID for 0x83a402628b767e2b91c1558ed6227c6564a7dbe5: ('execution reverted', 'no data')
None
[2025-12-02 22:59:45] [ERROR] [web3_service] Error getting token ID from events for 0x83a402628b767e2b91c1558ed6227c6564a7dbe5: 400 Client Error: Bad Request for url: https://base-sepolia.g.alchemy.com/v2/u_oAA5oIIbGQ-0AdX3efg
None
[2025-12-02 23:13:34] [ERROR] [AEra]    ❌ Failed to scan users for initial sync: should_sync_score() missing 1 required positional argument: 'conn'
None
[2025-12-02 23:16:51] [ERROR] [AEra]    ❌ Failed to scan users for initial sync: should_sync_score() missing 1 required positional argument: 'conn'
None
[2025-12-02 23:16:52] [ERROR] [web3_service] Error getting token ID for 0x80d09e7eb54be3ed7d4b945ec0df22bb7df665b5: ('execution reverted', 'no data')
None
[2025-12-02 23:16:54] [ERROR] [web3_service] Error getting token ID from events for 0x80d09e7eb54be3ed7d4b945ec0df22bb7df665b5: 400 Client Error: Bad Request for url: https://base-sepolia.g.alchemy.com/v2/u_oAA5oIIbGQ-0AdX3efg
None
[2025-12-02 23:16:54] [ERROR] [web3_service] Error getting token ID for 0x491775d25bb99b7d8effd01243e2ab16a836da82: ('execution reverted', 'no data')
None
[2025-12-02 23:16:56] [ERROR] [web3_service] Error getting token ID from events for 0x491775d25bb99b7d8effd01243e2ab16a836da82: 400 Client Error: Bad Request for url: https://base-sepolia.g.alchemy.com/v2/u_oAA5oIIbGQ-0AdX3efg
None
[2025-12-02 23:16:56] [ERROR] [web3_service] Error getting token ID for 0xcc3273678a0803a826de5274a18cbbd488ef05a0: ('execution reverted', 'no data')
None
[2025-12-02 23:16:58] [ERROR] [web3_service] Error getting token ID from events for 0xcc3273678a0803a826de5274a18cbbd488ef05a0: 400 Client Error: Bad Request for url: https://base-sepolia.g.alchemy.com/v2/u_oAA5oIIbGQ-0AdX3efg
None
[2025-12-02 23:16:58] [ERROR] [web3_service] Error getting token ID for 0x05393b40bd1d58bc36827bfff6442d8a3a6039bf: ('execution reverted', 'no data')
None
[2025-12-02 23:17:00] [ERROR] [web3_service] Error getting token ID from events for 0x05393b40bd1d58bc36827bfff6442d8a3a6039bf: 400 Client Error: Bad Request for url: https://base-sepolia.g.alchemy.com/v2/u_oAA5oIIbGQ-0AdX3efg
None
[2025-12-02 23:17:00] [ERROR] [web3_service] Error getting token ID for 0x68f8b7af3362b6f01e23b95eb769f60eb244f786: ('execution reverted', 'no data')
None
[2025-12-02 23:17:02] [ERROR] [web3_service] Error getting token ID from events for 0x68f8b7af3362b6f01e23b95eb769f60eb244f786: 400 Client Error: Bad Request for url: https://base-sepolia.g.alchemy.com/v2/u_oAA5oIIbGQ-0AdX3efg
None
[2025-12-02 23:17:02] [ERROR] [web3_service] Error getting token ID for 0x83a402628b767e2b91c1558ed6227c6564a7dbe5: ('execution reverted', 'no data')
None
[2025-12-02 23:17:04] [ERROR] [web3_service] Error getting token ID from events for 0x83a402628b767e2b91c1558ed6227c6564a7dbe5: 400 Client Error: Bad Request for url: https://base-sepolia.g.alchemy.com/v2/u_oAA5oIIbGQ-0AdX3efg
None
[2025-12-02 23:17:04] [ERROR] [web3_service] Error getting token ID for 0x2e5502e007aafdc76688f6813dbdd04cca1cc34e: ('execution reverted', 'no data')
None
[2025-12-02 23:17:06] [ERROR] [web3_service] Error getting token ID from events for 0x2e5502e007aafdc76688f6813dbdd04cca1cc34e: 400 Client Error: Bad Request for url: https://base-sepolia.g.alchemy.com/v2/u_oAA5oIIbGQ-0AdX3efg
None
[2025-12-02 23:20:13] [ERROR] [web3_service] Error getting token ID for 0x83a402628b767e2b91c1558ed6227c6564a7dbe5: ('execution reverted', 'no data')
None
[2025-12-02 23:20:15] [ERROR] [web3_service] Error getting token ID from events for 0x83a402628b767e2b91c1558ed6227c6564a7dbe5: 400 Client Error: Bad Request for url: https://base-sepolia.g.alchemy.com/v2/u_oAA5oIIbGQ-0AdX3efg
None
[2025-12-02 23:23:07] [ERROR] [web3_service] Error getting token ID for 0x83a402628b767e2b91c1558ed6227c6564a7dbe5: ('execution reverted', 'no data')
None
[2025-12-02 23:23:09] [ERROR] [web3_service] Error getting token ID from events for 0x83a402628b767e2b91c1558ed6227c6564a7dbe5: 400 Client Error: Bad Request for url: https://base-sepolia.g.alchemy.com/v2/u_oAA5oIIbGQ-0AdX3efg
None
[2025-12-02 23:23:09] [ERROR] [web3_service] Error getting token ID for 0x2e5502e007aafdc76688f6813dbdd04cca1cc34e: ('execution reverted', 'no data')
None
[2025-12-02 23:23:11] [ERROR] [web3_service] Error getting token ID from events for 0x2e5502e007aafdc76688f6813dbdd04cca1cc34e: 400 Client Error: Bad Request for url: https://base-sepolia.g.alchemy.com/v2/u_oAA5oIIbGQ-0AdX3efg
None
[2025-12-02 23:23:11] [ERROR] [AEra]    ❌ Failed to scan users for initial sync: should_sync_score() missing 1 required positional argument: 'conn'
None
[2025-12-02 23:24:08] [ERROR] [web3_service] Error getting token ID for 0x83a402628b767e2b91c1558ed6227c6564a7dbe5: ('execution reverted', 'no data')
None
[2025-12-02 23:24:10] [ERROR] [web3_service] Error getting token ID from events for 0x83a402628b767e2b91c1558ed6227c6564a7dbe5: 400 Client Error: Bad Request for url: https://base-sepolia.g.alchemy.com/v2/u_oAA5oIIbGQ-0AdX3efg
None
[2025-12-02 23:25:14] [ERROR] [web3_service] Error getting token ID for 0x83a402628b767e2b91c1558ed6227c6564a7dbe5: ('execution reverted', 'no data')
None
[2025-12-02 23:25:16] [ERROR] [web3_service] Error getting token ID from events for 0x83a402628b767e2b91c1558ed6227c6564a7dbe5: 400 Client Error: Bad Request for url: https://base-sepolia.g.alchemy.com/v2/u_oAA5oIIbGQ-0AdX3efg
None
[2025-12-02 23:25:16] [ERROR] [web3_service] Error getting token ID for 0x2e5502e007aafdc76688f6813dbdd04cca1cc34e: ('execution reverted', 'no data')
None
[2025-12-02 23:25:18] [ERROR] [web3_service] Error getting token ID from events for 0x2e5502e007aafdc76688f6813dbdd04cca1cc34e: 400 Client Error: Bad Request for url: https://base-sepolia.g.alchemy.com/v2/u_oAA5oIIbGQ-0AdX3efg
None
[2025-12-02 23:25:25] [ERROR] [web3_service] Error getting token ID for 0x83a402628b767e2b91c1558ed6227c6564a7dbe5: ('execution reverted', 'no data')
None
[2025-12-02 23:25:27] [ERROR] [web3_service] Error getting token ID from events for 0x83a402628b767e2b91c1558ed6227c6564a7dbe5: 400 Client Error: Bad Request for url: https://base-sepolia.g.alchemy.com/v2/u_oAA5oIIbGQ-0AdX3efg
None
[2025-12-02 23:28:23] [ERROR] [AEra]    ❌ Failed to scan users for initial sync: should_sync_score() missing 1 required positional argument: 'conn'
None
[2025-12-02 23:28:23] [ERROR] [nft_confirmation] ❌ Error checking NFT for 0x83a402628b767e2b91c1558ed6227c6564a7dbe5: can't subtract offset-naive and offset-aware datetimes
None
[2025-12-02 23:28:53] [ERROR] [nft_confirmation] ❌ Error checking NFT for 0x83a402628b767e2b91c1558ed6227c6564a7dbe5: can't subtract offset-naive and offset-aware datetimes
None
[2025-12-02 23:29:23] [ERROR] [nft_confirmation] ❌ Error checking NFT for 0x83a402628b767e2b91c1558ed6227c6564a7dbe5: can't subtract offset-naive and offset-aware datetimes
None
[2025-12-02 23:29:24] [ERROR] [nft_confirmation] ❌ Error checking NFT for 0xe3858bb632ceea1ca3830d99c3da5f5d85cb3c34: can't subtract offset-naive and offset-aware datetimes
None
[2025-12-02 23:29:54] [ERROR] [web3_service] Error getting token ID for 0x9de3772a1b2e958561d8371ee34364dcd90967ba: ('execution reverted', 'no data')
None
[2025-12-02 23:29:56] [ERROR] [web3_service] Error getting token ID from events for 0x9de3772a1b2e958561d8371ee34364dcd90967ba: 400 Client Error: Bad Request for url: https://base-sepolia.g.alchemy.com/v2/u_oAA5oIIbGQ-0AdX3efg
None
[2025-12-02 23:29:56] [ERROR] [nft_confirmation] ❌ Error checking NFT for 0x83a402628b767e2b91c1558ed6227c6564a7dbe5: can't subtract offset-naive and offset-aware datetimes
None
[2025-12-02 23:29:56] [ERROR] [nft_confirmation] ❌ Error checking NFT for 0xe3858bb632ceea1ca3830d99c3da5f5d85cb3c34: can't subtract offset-naive and offset-aware datetimes
None
[2025-12-02 23:30:26] [ERROR] [nft_confirmation] ❌ Error checking NFT for 0x83a402628b767e2b91c1558ed6227c6564a7dbe5: can't subtract offset-naive and offset-aware datetimes
None
[2025-12-02 23:30:26] [ERROR] [nft_confirmation] ❌ Error checking NFT for 0xe3858bb632ceea1ca3830d99c3da5f5d85cb3c34: can't subtract offset-naive and offset-aware datetimes
None
[2025-12-02 23:30:56] [ERROR] [nft_confirmation] ❌ Error checking NFT for 0x83a402628b767e2b91c1558ed6227c6564a7dbe5: can't subtract offset-naive and offset-aware datetimes
None
[2025-12-02 23:30:56] [ERROR] [nft_confirmation] ❌ Error checking NFT for 0xe3858bb632ceea1ca3830d99c3da5f5d85cb3c34: can't subtract offset-naive and offset-aware datetimes
None
[2025-12-02 23:31:26] [ERROR] [nft_confirmation] ❌ Error checking NFT for 0x83a402628b767e2b91c1558ed6227c6564a7dbe5: can't subtract offset-naive and offset-aware datetimes
None
[2025-12-02 23:31:27] [ERROR] [nft_confirmation] ❌ Error checking NFT for 0xe3858bb632ceea1ca3830d99c3da5f5d85cb3c34: can't subtract offset-naive and offset-aware datetimes
None
[2025-12-02 23:31:57] [ERROR] [nft_confirmation] ❌ Error checking NFT for 0x83a402628b767e2b91c1558ed6227c6564a7dbe5: can't subtract offset-naive and offset-aware datetimes
None
[2025-12-02 23:31:57] [ERROR] [nft_confirmation] ❌ Error checking NFT for 0xe3858bb632ceea1ca3830d99c3da5f5d85cb3c34: can't subtract offset-naive and offset-aware datetimes
None
[2025-12-02 23:32:27] [ERROR] [nft_confirmation] ❌ Error checking NFT for 0x83a402628b767e2b91c1558ed6227c6564a7dbe5: can't subtract offset-naive and offset-aware datetimes
None
[2025-12-02 23:32:27] [ERROR] [nft_confirmation] ❌ Error checking NFT for 0xe3858bb632ceea1ca3830d99c3da5f5d85cb3c34: can't subtract offset-naive and offset-aware datetimes
None
[2025-12-02 23:32:56] [ERROR] [AEra]    ❌ Failed to scan users for initial sync: should_sync_score() missing 1 required positional argument: 'conn'
None
[2025-12-02 23:36:13] [ERROR] [AEra]    ❌ Failed to scan users for initial sync: should_sync_score() missing 1 required positional argument: 'conn'
None
[2025-12-03 17:16:21] [ERROR] [AEra]    ❌ Failed to scan users for initial sync: should_sync_score() missing 1 required positional argument: 'conn'
None
[2025-12-03 17:18:26] [ERROR] [web3_service] Error minting NFT for 0xbef8c0c11cb5e9fb23e95735be821e083313a7a9: {'code': -32000, 'message': 'nonce too low: next nonce 203, tx nonce 202'}
None
[2025-12-03 17:21:37] [ERROR] [AEra]    ❌ Failed to scan users for initial sync: should_sync_score() missing 1 required positional argument: 'conn'
None
[2025-12-03 17:27:22] [ERROR] [web3_service] Error minting NFT for 0xa8d57743d56f65d3ec278716b677e9ec573ce099: {'code': -32000, 'message': 'nonce too low: next nonce 208, tx nonce 207'}
None
[2025-12-03 17:28:44] [ERROR] [web3_service] Error getting token ID for 0xa8d57743d56f65d3ec278716b677e9ec573ce099: ('execution reverted', 'no data')
None
[2025-12-03 17:28:46] [ERROR] [web3_service] Error getting token ID from events for 0xa8d57743d56f65d3ec278716b677e9ec573ce099: 400 Client Error: Bad Request for url: https://base-sepolia.g.alchemy.com/v2/u_oAA5oIIbGQ-0AdX3efg
None
[2025-12-03 17:30:33] [ERROR] [web3_service] Error getting token ID for 0xa8d57743d56f65d3ec278716b677e9ec573ce099: ('execution reverted', 'no data')
None
[2025-12-03 17:30:35] [ERROR] [web3_service] Error getting token ID from events for 0xa8d57743d56f65d3ec278716b677e9ec573ce099: 400 Client Error: Bad Request for url: https://base-sepolia.g.alchemy.com/v2/u_oAA5oIIbGQ-0AdX3efg
None
[2025-12-03 17:47:18] [ERROR] [web3_service] Error minting NFT for 0x1a9576149c4b1f974faa375c29205cade302be59: {'code': -32000, 'message': 'nonce too low: next nonce 214, tx nonce 213'}
None
[2025-12-03 17:48:51] [ERROR] [web3_service] Error recording interaction: {'code': -32000, 'message': 'replacement transaction underpriced'}
None
[2025-12-03 17:49:28] [ERROR] [web3_service] Error minting NFT for 0x1a9576149c4b1f974faa375c29205cade302be59: {'code': -32000, 'message': 'replacement transaction underpriced'}
None
[2025-12-03 17:49:56] [ERROR] [web3_service] Error minting NFT for 0x1a9576149c4b1f974faa375c29205cade302be59: {'code': -32000, 'message': 'replacement transaction underpriced'}
None
[2025-12-03 18:35:43] [ERROR] [web3_service] Error updating score for 0x1a9576149c4b1f974faa375c29205cade302be59: {'code': -32000, 'message': 'replacement transaction underpriced'}
None
[2025-12-03 18:35:43] [ERROR] [blockchain_sync] ❌ Sync failed: {'code': -32000, 'message': 'replacement transaction underpriced'}
None
[2025-12-03 18:46:39] [ERROR] [blockchain_sync] ❌ Failed to sync score to blockchain: Resonance Score contract not initialized
None
[2025-12-05 14:23:05] [ERROR] [web3_service] Error updating score for 0x2e5502e007aafdc76688f6813dbdd04cca1cc34e: 403 Client Error: Forbidden for url: https://base-mainnet.g.alchemy.com/v2/u_oAA5oIIbGQ-0AdX3efg
None
[2025-12-05 14:23:05] [ERROR] [blockchain_sync] ❌ Sync failed: 403 Client Error: Forbidden for url: https://base-mainnet.g.alchemy.com/v2/u_oAA5oIIbGQ-0AdX3efg
None
[2025-12-05 14:24:38] [ERROR] [web3_service] Error updating score for 0x2e5502e007aafdc76688f6813dbdd04cca1cc34e: {'code': -32000, 'message': 'invalid chain ID'}
None
[2025-12-05 14:24:38] [ERROR] [blockchain_sync] ❌ Sync failed: {'code': -32000, 'message': 'invalid chain ID'}
None
[2025-12-05 14:25:24] [ERROR] [web3_service] Error updating score for 0x67f1c90ef2a94af63f1a59cc50626fdec583224d: {'code': -32000, 'message': 'replacement transaction underpriced'}
None
[2025-12-05 14:25:24] [ERROR] [blockchain_sync] ❌ Sync failed: {'code': -32000, 'message': 'replacement transaction underpriced'}
None
[2025-12-05 16:04:08] [ERROR] [web3_service] Error recording interaction: {'code': -32000, 'message': 'nonce too low'}
None
[2025-12-06 15:06:39] [ERROR] [web3_service] Error checking NFT balance for 0x9de3772a1b2e958561d8371ee34364dcd90967ba: Could not transact with/call contract function, is contract deployed correctly and chain synced?
None
[2025-12-06 15:19:09] [ERROR] [web3_service] Error checking NFT balance for 0x9de3772a1b2e958561d8371ee34364dcd90967ba: Could not decode contract function call to balanceOf(address) with return data: b'', output_types: ['uint256']
None
[2025-12-06 15:19:12] [ERROR] [web3_service] Error checking NFT balance for 0x9de3772a1b2e958561d8371ee34364dcd90967ba: Could not decode contract function call to balanceOf(address) with return data: b'', output_types: ['uint256']
None
[2025-12-06 20:32:15] [ERROR] [AEra] [TELEGRAM_GATE] Invite generation error: 'NoneType' object has no attribute 'lower'
None
[2025-12-06 20:32:24] [ERROR] [AEra] [TELEGRAM_GATE] Invite generation error: 'NoneType' object has no attribute 'lower'
None
[2025-12-06 20:55:54] [ERROR] [AEra] [TELEGRAM_GATE] Invite generation error: 'NoneType' object has no attribute 'lower'
None
[2025-12-06 20:55:56] [ERROR] [AEra] [TELEGRAM_GATE] Invite generation error: 'NoneType' object has no attribute 'lower'
None
[2025-12-07 05:47:09] [ERROR] [AEra] [TELEGRAM_GATE] Invite generation error: 'NoneType' object has no attribute 'lower'
None
[2025-12-07 05:47:15] [ERROR] [AEra] [TELEGRAM_GATE] Invite generation error: 'NoneType' object has no attribute 'lower'
None
[2025-12-07 05:47:18] [ERROR] [AEra] [TELEGRAM_GATE] Invite generation error: 'NoneType' object has no attribute 'lower'
None
[2025-12-07 06:06:27] [ERROR] [AEra] [AUTH] Verification error: unsupported operand type(s) for -: 'int' and 'NoneType'
None
[2025-12-07 06:06:52] [ERROR] [AEra] [AUTH] Verification error: unsupported operand type(s) for -: 'int' and 'NoneType'
None
[2025-12-07 06:07:37] [ERROR] [AEra] [AUTH] Verification error: unsupported operand type(s) for -: 'int' and 'NoneType'
None
[2025-12-07 08:55:13] [ERROR] [AEra] [TELEGRAM_GATE] Invite generation error: 'NoneType' object has no attribute 'lower'
None
[2025-12-07 08:55:17] [ERROR] [AEra] [TELEGRAM_GATE] Invite generation error: 'NoneType' object has no attribute 'lower'
None
[2025-12-07 08:55:28] [ERROR] [AEra] [TELEGRAM_GATE] Invite generation error: 'NoneType' object has no attribute 'lower'
None
[2025-12-07 08:55:29] [ERROR] [AEra] [TELEGRAM_GATE] Invite generation error: 'NoneType' object has no attribute 'lower'
None
[2025-12-07 09:34:09] [ERROR] [AEra] [TELEGRAM_GATE] Invite generation error: 'NoneType' object has no attribute 'lower'
None
[2025-12-07 10:11:39] [ERROR] [AEra] [TELEGRAM_GATE] Invite generation error: 'NoneType' object has no attribute 'lower'
None
[2025-12-07 10:11:43] [ERROR] [AEra] [TELEGRAM_GATE] Invite generation error: 'NoneType' object has no attribute 'lower'
None
[2025-12-07 10:11:47] [ERROR] [AEra] [TELEGRAM_GATE] Invite generation error: 'NoneType' object has no attribute 'lower'
None
[2025-12-07 10:14:19] [ERROR] [AEra] [TELEGRAM_GATE] Invite generation error: 'NoneType' object has no attribute 'lower'
None
[2025-12-07 10:18:30] [ERROR] [AEra] [TELEGRAM_GATE] Invite generation error: 'NoneType' object has no attribute 'lower'
None
[2025-12-07 10:18:42] [ERROR] [AEra] [TELEGRAM_GATE] Invite generation error: 'NoneType' object has no attribute 'lower'
None
[2025-12-07 10:24:35] [ERROR] [AEra] [TELEGRAM_GATE] Invite generation error: 'NoneType' object has no attribute 'lower'
None
[2025-12-07 10:26:06] [ERROR] [AEra] [TELEGRAM_GATE] Invite generation error: 'NoneType' object has no attribute 'lower'
None
[2025-12-07 10:27:16] [ERROR] [AEra] [TELEGRAM_GATE] Invite generation error: 'NoneType' object has no attribute 'lower'
None
[2025-12-07 10:27:24] [ERROR] [AEra] [TELEGRAM_GATE] Invite generation error: 'NoneType' object has no attribute 'lower'
None
[2025-12-07 10:31:51] [ERROR] [AEra] [TELEGRAM_GATE] Invite generation error: 'NoneType' object has no attribute 'lower'
None
[2025-12-07 10:32:00] [ERROR] [AEra] [TELEGRAM_GATE] Invite generation error: 'NoneType' object has no attribute 'lower'
None
[2025-12-07 10:32:35] [ERROR] [AEra] [TELEGRAM_GATE] Invite generation error: 'NoneType' object has no attribute 'lower'
None
[2025-12-07 10:34:49] [ERROR] [AEra] [TELEGRAM_GATE] Invite generation error: 'NoneType' object has no attribute 'lower'
None
[2025-12-07 12:41:09] [ERROR] [AEra] Cannot connect to VERA-KI Server (Port 8850)
None
[2025-12-07 12:41:45] [ERROR] [AEra] Cannot connect to VERA-KI Server (Port 8850)
None
[2025-12-08 15:31:57] [ERROR] [AEra] VERA-KI Server Error: 500
None
